Using pre-set license
Built from '2021.3/staging' branch; Version is '2021.3.11f1 (0a5ca18544bf) revision 679073'; Using compiler version '192829333'; Build Type 'Release'
OS: 'Windows 11  (10.0.22000) 64bit Core' Language: 'en' Physical Memory: 16328 MB
BatchMode: 1, IsHumanControllingUs: 0, StartBugReporterOnCrash: 0, Is64bit: 1, IsPro: 1

COMMAND LINE ARGUMENTS:
C:\Program Files\2021.3.11f1\Editor\Unity.exe
-adb2
-batchMode
-noUpm
-name
AssetImportWorker2
-projectPath
C:/Users/Samha/Documents/Unity Projects/TalesOfTrove
-logFile
Logs/AssetImportWorker2.log
-srvPort
60372
Successfully changed project path to: C:/Users/Samha/Documents/Unity Projects/TalesOfTrove
C:/Users/Samha/Documents/Unity Projects/TalesOfTrove
[UnityMemory] Configuration Parameters - Can be set up in boot.config
    "memorysetup-bucket-allocator-granularity=16"
    "memorysetup-bucket-allocator-bucket-count=8"
    "memorysetup-bucket-allocator-block-size=33554432"
    "memorysetup-bucket-allocator-block-count=8"
    "memorysetup-main-allocator-block-size=16777216"
    "memorysetup-thread-allocator-block-size=16777216"
    "memorysetup-gfx-main-allocator-block-size=16777216"
    "memorysetup-gfx-thread-allocator-block-size=16777216"
    "memorysetup-cache-allocator-block-size=4194304"
    "memorysetup-typetree-allocator-block-size=2097152"
    "memorysetup-profiler-bucket-allocator-granularity=16"
    "memorysetup-profiler-bucket-allocator-bucket-count=8"
    "memorysetup-profiler-bucket-allocator-block-size=33554432"
    "memorysetup-profiler-bucket-allocator-block-count=8"
    "memorysetup-profiler-allocator-block-size=16777216"
    "memorysetup-profiler-editor-allocator-block-size=1048576"
    "memorysetup-temp-allocator-size-main=16777216"
    "memorysetup-job-temp-allocator-block-size=2097152"
    "memorysetup-job-temp-allocator-block-size-background=1048576"
    "memorysetup-job-temp-allocator-reduction-small-platforms=262144"
    "memorysetup-temp-allocator-size-background-worker=32768"
    "memorysetup-temp-allocator-size-job-worker=262144"
    "memorysetup-temp-allocator-size-preload-manager=33554432"
    "memorysetup-temp-allocator-size-nav-mesh-worker=65536"
    "memorysetup-temp-allocator-size-audio-worker=65536"
    "memorysetup-temp-allocator-size-cloud-worker=32768"
    "memorysetup-temp-allocator-size-gi-baking-worker=262144"
    "memorysetup-temp-allocator-size-gfx=262144"
Refreshing native plugins compatible for Editor in 77.46 ms, found 4 plugins.
Preloading 0 native plugins for Editor in 0.00 ms.
Initialize engine version: 2021.3.11f1 (0a5ca18544bf)
[Subsystems] Discovering subsystems at path C:/Program Files/2021.3.11f1/Editor/Data/Resources/UnitySubsystems
[Subsystems] Discovering subsystems at path C:/Users/Samha/Documents/Unity Projects/TalesOfTrove/Assets
GfxDevice: creating device client; threaded=0; jobified=0
Direct3D:
    Version:  Direct3D 11.0 [level 11.1]
    Renderer: NVIDIA GeForce RTX 3060 (ID=0x2504)
    Vendor:   NVIDIA
    VRAM:     12142 MB
    Driver:   31.0.15.2225
Initialize mono
Mono path[0] = 'C:/Program Files/2021.3.11f1/Editor/Data/Managed'
Mono path[1] = 'C:/Program Files/2021.3.11f1/Editor/Data/MonoBleedingEdge/lib/mono/unityjit-win32'
Mono config path = 'C:/Program Files/2021.3.11f1/Editor/Data/MonoBleedingEdge/etc'
Using monoOptions --debugger-agent=transport=dt_socket,embedding=1,server=y,suspend=n,address=127.0.0.1:56416
Begin MonoManager ReloadAssembly
Registering precompiled unity dll's ...
Register platform support module: C:/Program Files/2021.3.11f1/Editor/Data/PlaybackEngines/WebGLSupport/UnityEditor.WebGL.Extensions.dll
Register platform support module: C:/Program Files/2021.3.11f1/Editor/Data/PlaybackEngines/WindowsStandaloneSupport/UnityEditor.WindowsStandalone.Extensions.dll
Registered in 0.003863 seconds.
Native extension for WindowsStandalone target not found
Native extension for WebGL target not found
Refreshing native plugins compatible for Editor in 70.83 ms, found 4 plugins.
Preloading 0 native plugins for Editor in 0.00 ms.
Mono: successfully reloaded assembly
- Completed reload, in  0.479 seconds
Domain Reload Profiling:
	ReloadAssembly (479ms)
		BeginReloadAssembly (54ms)
			ExecutionOrderSort (0ms)
			DisableScriptedObjects (0ms)
			BackupInstance (0ms)
			ReleaseScriptingObjects (0ms)
			CreateAndSetChildDomain (1ms)
		EndReloadAssembly (346ms)
			LoadAssemblies (52ms)
			RebuildTransferFunctionScriptingTraits (0ms)
			SetupTypeCache (71ms)
			ReleaseScriptCaches (0ms)
			RebuildScriptCaches (18ms)
			SetupLoadedEditorAssemblies (219ms)
				LogAssemblyErrors (0ms)
				InitializePlatformSupportModulesInManaged (6ms)
				SetLoadedEditorAssemblies (0ms)
				RefreshPlugins (71ms)
				BeforeProcessingInitializeOnLoad (1ms)
				ProcessInitializeOnLoadAttributes (109ms)
				ProcessInitializeOnLoadMethodAttributes (33ms)
				AfterProcessingInitializeOnLoad (0ms)
				EditorAssembliesLoaded (0ms)
			ExecutionOrderSort2 (0ms)
			AwakeInstancesAfterBackupRestoration (0ms)
Platform modules already initialized, skipping
Registering precompiled user dll's ...
Registered in 0.006530 seconds.
Begin MonoManager ReloadAssembly
Symbol file LoadedFromMemory doesn't match image C:\Users\Samha\Documents\Unity Projects\TalesOfTrove\Library\PackageCache\com.unity.visualscripting@1.7.8\Editor\VisualScripting.Core\Dependencies\YamlDotNet\Unity.VisualScripting.YamlDotNet.dll
Symbol file LoadedFromMemory doesn't match image C:\Users\Samha\Documents\Unity Projects\TalesOfTrove\Library\PackageCache\com.unity.visualscripting@1.7.8\Editor\VisualScripting.Core\Dependencies\DotNetZip\Unity.VisualScripting.IonicZip.dll
Native extension for WindowsStandalone target not found
Native extension for WebGL target not found
Refreshing native plugins compatible for Editor in 75.66 ms, found 4 plugins.
Preloading 0 native plugins for Editor in 0.00 ms.
Mono: successfully reloaded assembly
- Completed reload, in  0.859 seconds
Domain Reload Profiling:
	ReloadAssembly (859ms)
		BeginReloadAssembly (80ms)
			ExecutionOrderSort (0ms)
			DisableScriptedObjects (4ms)
			BackupInstance (0ms)
			ReleaseScriptingObjects (0ms)
			CreateAndSetChildDomain (16ms)
		EndReloadAssembly (691ms)
			LoadAssemblies (60ms)
			RebuildTransferFunctionScriptingTraits (0ms)
			SetupTypeCache (161ms)
			ReleaseScriptCaches (1ms)
			RebuildScriptCaches (42ms)
			SetupLoadedEditorAssemblies (385ms)
				LogAssemblyErrors (0ms)
				InitializePlatformSupportModulesInManaged (4ms)
				SetLoadedEditorAssemblies (0ms)
				RefreshPlugins (76ms)
				BeforeProcessingInitializeOnLoad (75ms)
				ProcessInitializeOnLoadAttributes (188ms)
				ProcessInitializeOnLoadMethodAttributes (36ms)
				AfterProcessingInitializeOnLoad (6ms)
				EditorAssembliesLoaded (0ms)
			ExecutionOrderSort2 (0ms)
			AwakeInstancesAfterBackupRestoration (4ms)
Platform modules already initialized, skipping
========================================================================
Worker process is ready to serve import requests
Launched and connected shader compiler UnityShaderCompiler.exe after 0.03 seconds
Refreshing native plugins compatible for Editor in 0.98 ms, found 4 plugins.
Preloading 0 native plugins for Editor in 0.00 ms.
Unloading 4078 Unused Serialized files (Serialized files now loaded: 0)
Unloading 43 unused Assets / (185.9 KB). Loaded Objects now: 4531.
Memory consumption went from 151.9 MB to 151.7 MB.
Total: 2.652200 ms (FindLiveObjects: 0.235700 ms CreateObjectMapping: 0.109600 ms MarkObjects: 2.197900 ms  DeleteObjects: 0.108400 ms)

AssetImportParameters requested are different than current active one (requested -> active):
  custom:video-decoder-ogg-theora: a1e56fd34408186e4bbccfd4996cb3dc -> 
  custom:container-muxer-webm: aa71ff27fc2769a1b78a27578f13a17b -> 
  custom:container-demuxer-webm: 4f35f7cbe854078d1ac9338744f61a02 -> 
  custom:video-encoder-webm-vp8: eb34c28f22e8b96e1ab97ce403110664 -> 
  custom:audio-encoder-webm-vorbis: bf7c407c2cedff20999df2af8eb42d56 -> 
  custom:framework-win-MediaFoundation: 216162199b28c13a410421893ffa2e32 -> 
  custom:container-demuxer-ogg: 62fdf1f143b41e24485cea50d1cbac27 -> 
  custom:video-decoder-webm-vp8: 9c59270c3fd7afecdb556c50c9e8de78 -> 
  custom:audio-decoder-ogg-vorbis: bf7c407c2cedff20999df2af8eb42d56 -> 
========================================================================
Received Import Request.
  Time since last request: 281789.587903 seconds.
  path: Assets/Game/Levels/Level00.unity
  artifactKey: Guid(79f60f86c4dd52b40ab364f0ca6cde4e) Importer(815301076,1909f56bfc062723c751e8b465ee728b)
Start importing Assets/Game/Levels/Level00.unity using Guid(79f60f86c4dd52b40ab364f0ca6cde4e) Importer(815301076,1909f56bfc062723c751e8b465ee728b)  -> (artifact id: '35c8ee2218316490190763a6ad60c5db') in 0.010722 seconds 
========================================================================
Received Import Request.
  Time since last request: 20.396540 seconds.
  path: Assets/Prototype Hero - Pixel Art/Animations/Effects
  artifactKey: Guid(74859b2488caa714388b4cedb7324ad6) Importer(815301076,1909f56bfc062723c751e8b465ee728b)
Start importing Assets/Prototype Hero - Pixel Art/Animations/Effects using Guid(74859b2488caa714388b4cedb7324ad6) Importer(815301076,1909f56bfc062723c751e8b465ee728b)  -> (artifact id: 'fc54d72ff5613a65258412b76b82b201') in 0.005109 seconds 
========================================================================
Received Import Request.
  Time since last request: 6.752307 seconds.
  path: Assets/Prototype Hero - Pixel Art/Audio
  artifactKey: Guid(c0a25cb790688234ca068b666e3360dd) Importer(815301076,1909f56bfc062723c751e8b465ee728b)
Start importing Assets/Prototype Hero - Pixel Art/Audio using Guid(c0a25cb790688234ca068b666e3360dd) Importer(815301076,1909f56bfc062723c751e8b465ee728b)  -> (artifact id: 'b37af2e1899af02c017de30bdd5adaf0') in 0.004667 seconds 
========================================================================
Received Import Request.
  Time since last request: 0.068607 seconds.
  path: Assets/Prototype Hero - Pixel Art/Audio/AirSlamLanding.wav
  artifactKey: Guid(c2b13e0fd18ea1c4880fbf37b7f10a70) Importer(815301076,1909f56bfc062723c751e8b465ee728b)
Start importing Assets/Prototype Hero - Pixel Art/Audio/AirSlamLanding.wav using Guid(c2b13e0fd18ea1c4880fbf37b7f10a70) Importer(815301076,1909f56bfc062723c751e8b465ee728b)  -> (artifact id: '71052a5e117c332877682964cd9368ed') in 0.093359 seconds 
========================================================================
Received Import Request.
  Time since last request: 0.000016 seconds.
  path: Assets/Prototype Hero - Pixel Art/Audio/Landing.wav
  artifactKey: Guid(5329b99920a6642409627b29d379aff7) Importer(815301076,1909f56bfc062723c751e8b465ee728b)
Start importing Assets/Prototype Hero - Pixel Art/Audio/Landing.wav using Guid(5329b99920a6642409627b29d379aff7) Importer(815301076,1909f56bfc062723c751e8b465ee728b)  -> (artifact id: 'e68ef3d5014c44447fa7c9992dccce25') in 0.010443 seconds 
========================================================================
Received Import Request.
  Time since last request: 1.407781 seconds.
  path: Assets/Prototype Hero - Pixel Art/ColorSwap
  artifactKey: Guid(52075c57b8551ea4a9d5765ce25f25be) Importer(815301076,1909f56bfc062723c751e8b465ee728b)
Start importing Assets/Prototype Hero - Pixel Art/ColorSwap using Guid(52075c57b8551ea4a9d5765ce25f25be) Importer(815301076,1909f56bfc062723c751e8b465ee728b)  -> (artifact id: '561ef1d5198bae05f5313bb1e1e84911') in 0.005504 seconds 
========================================================================
Received Import Request.
  Time since last request: 3.213317 seconds.
  path: Assets/Prototype Hero - Pixel Art/Demo/Prefabs/Green.prefab
  artifactKey: Guid(37e3472c45a521542b8fcf773563f665) Importer(815301076,1909f56bfc062723c751e8b465ee728b)
Start importing Assets/Prototype Hero - Pixel Art/Demo/Prefabs/Green.prefab using Guid(37e3472c45a521542b8fcf773563f665) Importer(815301076,1909f56bfc062723c751e8b465ee728b)  -> (artifact id: '55f8945ee6bd8e2f7c30111b2c5e344a') in 0.067328 seconds 
========================================================================
Received Prepare
Registering precompiled user dll's ...
Registered in 0.006143 seconds.
Begin MonoManager ReloadAssembly
Symbol file LoadedFromMemory doesn't match image C:\Users\Samha\Documents\Unity Projects\TalesOfTrove\Library\PackageCache\com.unity.visualscripting@1.7.8\Editor\VisualScripting.Core\Dependencies\YamlDotNet\Unity.VisualScripting.YamlDotNet.dll
Symbol file LoadedFromMemory doesn't match image C:\Users\Samha\Documents\Unity Projects\TalesOfTrove\Library\PackageCache\com.unity.visualscripting@1.7.8\Editor\VisualScripting.Core\Dependencies\DotNetZip\Unity.VisualScripting.IonicZip.dll
Native extension for WindowsStandalone target not found
Native extension for WebGL target not found
Refreshing native plugins compatible for Editor in 0.76 ms, found 4 plugins.
Preloading 0 native plugins for Editor in 0.00 ms.
Mono: successfully reloaded assembly
- Completed reload, in  0.874 seconds
Domain Reload Profiling:
	ReloadAssembly (874ms)
		BeginReloadAssembly (116ms)
			ExecutionOrderSort (0ms)
			DisableScriptedObjects (5ms)
			BackupInstance (0ms)
			ReleaseScriptingObjects (0ms)
			CreateAndSetChildDomain (38ms)
		EndReloadAssembly (663ms)
			LoadAssemblies (71ms)
			RebuildTransferFunctionScriptingTraits (0ms)
			SetupTypeCache (198ms)
			ReleaseScriptCaches (1ms)
			RebuildScriptCaches (37ms)
			SetupLoadedEditorAssemblies (307ms)
				LogAssemblyErrors (0ms)
				InitializePlatformSupportModulesInManaged (10ms)
				SetLoadedEditorAssemblies (0ms)
				RefreshPlugins (1ms)
				BeforeProcessingInitializeOnLoad (65ms)
				ProcessInitializeOnLoadAttributes (191ms)
				ProcessInitializeOnLoadMethodAttributes (34ms)
				AfterProcessingInitializeOnLoad (6ms)
				EditorAssembliesLoaded (0ms)
			ExecutionOrderSort2 (0ms)
			AwakeInstancesAfterBackupRestoration (10ms)
Platform modules already initialized, skipping
Refreshing native plugins compatible for Editor in 4.63 ms, found 4 plugins.
Preloading 0 native plugins for Editor in 0.00 ms.
Unloading 4071 Unused Serialized files (Serialized files now loaded: 0)
Unloading 30 unused Assets / (152.4 KB). Loaded Objects now: 4544.
Memory consumption went from 156.2 MB to 156.0 MB.
Total: 3.471200 ms (FindLiveObjects: 0.289400 ms CreateObjectMapping: 0.088800 ms MarkObjects: 2.959800 ms  DeleteObjects: 0.132200 ms)

AssetImportParameters requested are different than current active one (requested -> active):
  custom:video-decoder-ogg-theora: a1e56fd34408186e4bbccfd4996cb3dc -> 
  custom:container-muxer-webm: aa71ff27fc2769a1b78a27578f13a17b -> 
  custom:container-demuxer-webm: 4f35f7cbe854078d1ac9338744f61a02 -> 
  custom:video-encoder-webm-vp8: eb34c28f22e8b96e1ab97ce403110664 -> 
  custom:audio-encoder-webm-vorbis: bf7c407c2cedff20999df2af8eb42d56 -> 
  custom:framework-win-MediaFoundation: 216162199b28c13a410421893ffa2e32 -> 
  custom:container-demuxer-ogg: 62fdf1f143b41e24485cea50d1cbac27 -> 
  custom:video-decoder-webm-vp8: 9c59270c3fd7afecdb556c50c9e8de78 -> 
  custom:audio-decoder-ogg-vorbis: bf7c407c2cedff20999df2af8eb42d56 -> 
========================================================================
Received Prepare
Registering precompiled user dll's ...
Registered in 0.006127 seconds.
Begin MonoManager ReloadAssembly
Symbol file LoadedFromMemory doesn't match image C:\Users\Samha\Documents\Unity Projects\TalesOfTrove\Library\PackageCache\com.unity.visualscripting@1.7.8\Editor\VisualScripting.Core\Dependencies\YamlDotNet\Unity.VisualScripting.YamlDotNet.dll
Symbol file LoadedFromMemory doesn't match image C:\Users\Samha\Documents\Unity Projects\TalesOfTrove\Library\PackageCache\com.unity.visualscripting@1.7.8\Editor\VisualScripting.Core\Dependencies\DotNetZip\Unity.VisualScripting.IonicZip.dll
Native extension for WindowsStandalone target not found
Native extension for WebGL target not found
Refreshing native plugins compatible for Editor in 0.84 ms, found 4 plugins.
Preloading 0 native plugins for Editor in 0.00 ms.
Mono: successfully reloaded assembly
- Completed reload, in  0.863 seconds
Domain Reload Profiling:
	ReloadAssembly (863ms)
		BeginReloadAssembly (115ms)
			ExecutionOrderSort (0ms)
			DisableScriptedObjects (6ms)
			BackupInstance (0ms)
			ReleaseScriptingObjects (0ms)
			CreateAndSetChildDomain (32ms)
		EndReloadAssembly (663ms)
			LoadAssemblies (72ms)
			RebuildTransferFunctionScriptingTraits (0ms)
			SetupTypeCache (195ms)
			ReleaseScriptCaches (1ms)
			RebuildScriptCaches (39ms)
			SetupLoadedEditorAssemblies (311ms)
				LogAssemblyErrors (0ms)
				InitializePlatformSupportModulesInManaged (11ms)
				SetLoadedEditorAssemblies (0ms)
				RefreshPlugins (1ms)
				BeforeProcessingInitializeOnLoad (69ms)
				ProcessInitializeOnLoadAttributes (188ms)
				ProcessInitializeOnLoadMethodAttributes (35ms)
				AfterProcessingInitializeOnLoad (6ms)
				EditorAssembliesLoaded (0ms)
			ExecutionOrderSort2 (0ms)
			AwakeInstancesAfterBackupRestoration (8ms)
Platform modules already initialized, skipping
Refreshing native plugins compatible for Editor in 6.30 ms, found 4 plugins.
Preloading 0 native plugins for Editor in 0.00 ms.
Unloading 4071 Unused Serialized files (Serialized files now loaded: 0)
Unloading 30 unused Assets / (152.5 KB). Loaded Objects now: 4547.
Memory consumption went from 156.2 MB to 156.0 MB.
Total: 2.814500 ms (FindLiveObjects: 0.282000 ms CreateObjectMapping: 0.100200 ms MarkObjects: 2.328500 ms  DeleteObjects: 0.102900 ms)

AssetImportParameters requested are different than current active one (requested -> active):
  custom:video-decoder-ogg-theora: a1e56fd34408186e4bbccfd4996cb3dc -> 
  custom:container-muxer-webm: aa71ff27fc2769a1b78a27578f13a17b -> 
  custom:container-demuxer-webm: 4f35f7cbe854078d1ac9338744f61a02 -> 
  custom:video-encoder-webm-vp8: eb34c28f22e8b96e1ab97ce403110664 -> 
  custom:audio-encoder-webm-vorbis: bf7c407c2cedff20999df2af8eb42d56 -> 
  custom:framework-win-MediaFoundation: 216162199b28c13a410421893ffa2e32 -> 
  custom:container-demuxer-ogg: 62fdf1f143b41e24485cea50d1cbac27 -> 
  custom:video-decoder-webm-vp8: 9c59270c3fd7afecdb556c50c9e8de78 -> 
  custom:audio-decoder-ogg-vorbis: bf7c407c2cedff20999df2af8eb42d56 -> 
========================================================================
Received Import Request.
  Time since last request: 34.548064 seconds.
  path: Assets/Prototype Hero - Pixel Art/Demo/AudioManager_PrototypeHero.cs
  artifactKey: Guid(b6d92c3970d79864d87159fdea17a766) Importer(815301076,1909f56bfc062723c751e8b465ee728b)
Start importing Assets/Prototype Hero - Pixel Art/Demo/AudioManager_PrototypeHero.cs using Guid(b6d92c3970d79864d87159fdea17a766) Importer(815301076,1909f56bfc062723c751e8b465ee728b)  -> (artifact id: '2e3da649cd661f5a82e7a0d54cc4da96') in 0.014346 seconds 
========================================================================
Received Import Request.
  Time since last request: 32.649410 seconds.
  path: Assets/Game/Prefabs
  artifactKey: Guid(8b03a2c7c0aa2bc488180783dd595081) Importer(815301076,1909f56bfc062723c751e8b465ee728b)
Start importing Assets/Game/Prefabs using Guid(8b03a2c7c0aa2bc488180783dd595081) Importer(815301076,1909f56bfc062723c751e8b465ee728b)  -> (artifact id: '3706ec8e6fc849b8feac306a92f4886e') in 0.005065 seconds 
========================================================================
Received Import Request.
  Time since last request: 16.146621 seconds.
  path: Assets/Game/Prefabs/WallCollider.prefab
  artifactKey: Guid(6b21fa0e7bd834a48868f91719401239) Importer(815301076,1909f56bfc062723c751e8b465ee728b)
Start importing Assets/Game/Prefabs/WallCollider.prefab using Guid(6b21fa0e7bd834a48868f91719401239) Importer(815301076,1909f56bfc062723c751e8b465ee728b)  -> (artifact id: '3c4c096ad98cc935842325ff281b1532') in 0.020606 seconds 
========================================================================
Received Import Request.
  Time since last request: 5.601093 seconds.
  path: Assets/Game/Prefabs/PlatformCollider.prefab
  artifactKey: Guid(a11eb64bade47534f81b182af0222c70) Importer(815301076,1909f56bfc062723c751e8b465ee728b)
Start importing Assets/Game/Prefabs/PlatformCollider.prefab using Guid(a11eb64bade47534f81b182af0222c70) Importer(815301076,1909f56bfc062723c751e8b465ee728b)  -> (artifact id: '8cbcc7b2d70b2e93f34e012814495a2e') in 0.007005 seconds 
========================================================================
Received Import Request.
  Time since last request: 4.231924 seconds.
  path: Assets/Game/Prefabs/Ledge Colliders.prefab
  artifactKey: Guid(a7bfee925e86cfa4ab33fe0f65635b25) Importer(815301076,1909f56bfc062723c751e8b465ee728b)
Start importing Assets/Game/Prefabs/Ledge Colliders.prefab using Guid(a7bfee925e86cfa4ab33fe0f65635b25) Importer(815301076,1909f56bfc062723c751e8b465ee728b)  -> (artifact id: 'ce425bae89c59c5703e360ed9223129e') in 0.007420 seconds 
========================================================================
Received Import Request.
  Time since last request: 14.305032 seconds.
  path: Assets/Game/Prefabs/AudioManager.prefab
  artifactKey: Guid(175cc887fbd84fd40958ad932fb574f6) Importer(815301076,1909f56bfc062723c751e8b465ee728b)
Start importing Assets/Game/Prefabs/AudioManager.prefab using Guid(175cc887fbd84fd40958ad932fb574f6) Importer(815301076,1909f56bfc062723c751e8b465ee728b)  -> (artifact id: '1ed56f83e1f0059bc9f1af6c558295cc') in 0.009238 seconds 
========================================================================
Received Import Request.
  Time since last request: 3.759268 seconds.
  path: Assets/Game/Levels/Level00.unity
  artifactKey: Guid(79f60f86c4dd52b40ab364f0ca6cde4e) Importer(815301076,1909f56bfc062723c751e8b465ee728b)
Start importing Assets/Game/Levels/Level00.unity using Guid(79f60f86c4dd52b40ab364f0ca6cde4e) Importer(815301076,1909f56bfc062723c751e8b465ee728b)  -> (artifact id: 'cb0c513a8e495f5a0738a32fa0584b32') in 0.001913 seconds 
========================================================================
Received Prepare
Registering precompiled user dll's ...
Registered in 0.005757 seconds.
Begin MonoManager ReloadAssembly
Symbol file LoadedFromMemory doesn't match image C:\Users\Samha\Documents\Unity Projects\TalesOfTrove\Library\PackageCache\com.unity.visualscripting@1.7.8\Editor\VisualScripting.Core\Dependencies\YamlDotNet\Unity.VisualScripting.YamlDotNet.dll
Symbol file LoadedFromMemory doesn't match image C:\Users\Samha\Documents\Unity Projects\TalesOfTrove\Library\PackageCache\com.unity.visualscripting@1.7.8\Editor\VisualScripting.Core\Dependencies\DotNetZip\Unity.VisualScripting.IonicZip.dll
Native extension for WindowsStandalone target not found
Native extension for WebGL target not found
Refreshing native plugins compatible for Editor in 0.85 ms, found 4 plugins.
Preloading 0 native plugins for Editor in 0.00 ms.
Mono: successfully reloaded assembly
- Completed reload, in  0.842 seconds
Domain Reload Profiling:
	ReloadAssembly (843ms)
		BeginReloadAssembly (105ms)
			ExecutionOrderSort (0ms)
			DisableScriptedObjects (5ms)
			BackupInstance (0ms)
			ReleaseScriptingObjects (0ms)
			CreateAndSetChildDomain (33ms)
		EndReloadAssembly (653ms)
			LoadAssemblies (64ms)
			RebuildTransferFunctionScriptingTraits (0ms)
			SetupTypeCache (178ms)
			ReleaseScriptCaches (1ms)
			RebuildScriptCaches (35ms)
			SetupLoadedEditorAssemblies (325ms)
				LogAssemblyErrors (0ms)
				InitializePlatformSupportModulesInManaged (12ms)
				SetLoadedEditorAssemblies (0ms)
				RefreshPlugins (1ms)
				BeforeProcessingInitializeOnLoad (88ms)
				ProcessInitializeOnLoadAttributes (182ms)
				ProcessInitializeOnLoadMethodAttributes (36ms)
				AfterProcessingInitializeOnLoad (5ms)
				EditorAssembliesLoaded (0ms)
			ExecutionOrderSort2 (0ms)
			AwakeInstancesAfterBackupRestoration (9ms)
Platform modules already initialized, skipping
Refreshing native plugins compatible for Editor in 3.48 ms, found 4 plugins.
Preloading 0 native plugins for Editor in 0.00 ms.
Unloading 4071 Unused Serialized files (Serialized files now loaded: 0)
Unloading 30 unused Assets / (152.1 KB). Loaded Objects now: 4550.
Memory consumption went from 156.2 MB to 156.1 MB.
Total: 2.683900 ms (FindLiveObjects: 0.209200 ms CreateObjectMapping: 0.079400 ms MarkObjects: 2.280400 ms  DeleteObjects: 0.114100 ms)

AssetImportParameters requested are different than current active one (requested -> active):
  custom:video-decoder-ogg-theora: a1e56fd34408186e4bbccfd4996cb3dc -> 
  custom:container-muxer-webm: aa71ff27fc2769a1b78a27578f13a17b -> 
  custom:container-demuxer-webm: 4f35f7cbe854078d1ac9338744f61a02 -> 
  custom:video-encoder-webm-vp8: eb34c28f22e8b96e1ab97ce403110664 -> 
  custom:audio-encoder-webm-vorbis: bf7c407c2cedff20999df2af8eb42d56 -> 
  custom:framework-win-MediaFoundation: 216162199b28c13a410421893ffa2e32 -> 
  custom:container-demuxer-ogg: 62fdf1f143b41e24485cea50d1cbac27 -> 
  custom:video-decoder-webm-vp8: 9c59270c3fd7afecdb556c50c9e8de78 -> 
  custom:audio-decoder-ogg-vorbis: bf7c407c2cedff20999df2af8eb42d56 -> 
========================================================================
Received Prepare
Registering precompiled user dll's ...
Registered in 0.010007 seconds.
Begin MonoManager ReloadAssembly
Symbol file LoadedFromMemory doesn't match image C:\Users\Samha\Documents\Unity Projects\TalesOfTrove\Library\PackageCache\com.unity.visualscripting@1.7.8\Editor\VisualScripting.Core\Dependencies\YamlDotNet\Unity.VisualScripting.YamlDotNet.dll
Symbol file LoadedFromMemory doesn't match image C:\Users\Samha\Documents\Unity Projects\TalesOfTrove\Library\PackageCache\com.unity.visualscripting@1.7.8\Editor\VisualScripting.Core\Dependencies\DotNetZip\Unity.VisualScripting.IonicZip.dll
Native extension for WindowsStandalone target not found
Native extension for WebGL target not found
Refreshing native plugins compatible for Editor in 1.04 ms, found 4 plugins.
Preloading 0 native plugins for Editor in 0.00 ms.
Mono: successfully reloaded assembly
- Completed reload, in  0.847 seconds
Domain Reload Profiling:
	ReloadAssembly (848ms)
		BeginReloadAssembly (106ms)
			ExecutionOrderSort (0ms)
			DisableScriptedObjects (6ms)
			BackupInstance (0ms)
			ReleaseScriptingObjects (0ms)
			CreateAndSetChildDomain (31ms)
		EndReloadAssembly (662ms)
			LoadAssemblies (69ms)
			RebuildTransferFunctionScriptingTraits (0ms)
			SetupTypeCache (178ms)
			ReleaseScriptCaches (1ms)
			RebuildScriptCaches (36ms)
			SetupLoadedEditorAssemblies (330ms)
				LogAssemblyErrors (0ms)
				InitializePlatformSupportModulesInManaged (12ms)
				SetLoadedEditorAssemblies (0ms)
				RefreshPlugins (1ms)
				BeforeProcessingInitializeOnLoad (91ms)
				ProcessInitializeOnLoadAttributes (185ms)
				ProcessInitializeOnLoadMethodAttributes (35ms)
				AfterProcessingInitializeOnLoad (5ms)
				EditorAssembliesLoaded (0ms)
			ExecutionOrderSort2 (0ms)
			AwakeInstancesAfterBackupRestoration (7ms)
Platform modules already initialized, skipping
Refreshing native plugins compatible for Editor in 3.64 ms, found 4 plugins.
Preloading 0 native plugins for Editor in 0.00 ms.
Unloading 4071 Unused Serialized files (Serialized files now loaded: 0)
Unloading 30 unused Assets / (152.0 KB). Loaded Objects now: 4553.
Memory consumption went from 156.2 MB to 156.1 MB.
Total: 2.969200 ms (FindLiveObjects: 0.227400 ms CreateObjectMapping: 0.093100 ms MarkObjects: 2.541700 ms  DeleteObjects: 0.106200 ms)

AssetImportParameters requested are different than current active one (requested -> active):
  custom:video-decoder-ogg-theora: a1e56fd34408186e4bbccfd4996cb3dc -> 
  custom:container-muxer-webm: aa71ff27fc2769a1b78a27578f13a17b -> 
  custom:container-demuxer-webm: 4f35f7cbe854078d1ac9338744f61a02 -> 
  custom:video-encoder-webm-vp8: eb34c28f22e8b96e1ab97ce403110664 -> 
  custom:audio-encoder-webm-vorbis: bf7c407c2cedff20999df2af8eb42d56 -> 
  custom:framework-win-MediaFoundation: 216162199b28c13a410421893ffa2e32 -> 
  custom:container-demuxer-ogg: 62fdf1f143b41e24485cea50d1cbac27 -> 
  custom:video-decoder-webm-vp8: 9c59270c3fd7afecdb556c50c9e8de78 -> 
  custom:audio-decoder-ogg-vorbis: bf7c407c2cedff20999df2af8eb42d56 -> 
========================================================================
Received Import Request.
  Time since last request: 67.472835 seconds.
  path: Assets/Prototype Hero - Pixel Art/Animations/Player
  artifactKey: Guid(a92db283cbbb35249902f2a0e12b2286) Importer(815301076,1909f56bfc062723c751e8b465ee728b)
Start importing Assets/Prototype Hero - Pixel Art/Animations/Player using Guid(a92db283cbbb35249902f2a0e12b2286) Importer(815301076,1909f56bfc062723c751e8b465ee728b)  -> (artifact id: 'db390377e3f8178a2901b45e08c58121') in 0.010414 seconds 
========================================================================
Received Import Request.
  Time since last request: 15.509381 seconds.
  path: Assets/Game/Animations/Player
  artifactKey: Guid(ff86f7c782bf85a479522d40c9298c9e) Importer(815301076,1909f56bfc062723c751e8b465ee728b)
Start importing Assets/Game/Animations/Player using Guid(ff86f7c782bf85a479522d40c9298c9e) Importer(815301076,1909f56bfc062723c751e8b465ee728b)  -> (artifact id: '7a4719299e93b9770277ca4a128e055e') in 0.001638 seconds 
========================================================================
Received Prepare
Registering precompiled user dll's ...
Registered in 0.006228 seconds.
Begin MonoManager ReloadAssembly
Symbol file LoadedFromMemory doesn't match image C:\Users\Samha\Documents\Unity Projects\TalesOfTrove\Library\PackageCache\com.unity.visualscripting@1.7.8\Editor\VisualScripting.Core\Dependencies\YamlDotNet\Unity.VisualScripting.YamlDotNet.dll
Symbol file LoadedFromMemory doesn't match image C:\Users\Samha\Documents\Unity Projects\TalesOfTrove\Library\PackageCache\com.unity.visualscripting@1.7.8\Editor\VisualScripting.Core\Dependencies\DotNetZip\Unity.VisualScripting.IonicZip.dll
Native extension for WindowsStandalone target not found
Native extension for WebGL target not found
Refreshing native plugins compatible for Editor in 0.85 ms, found 4 plugins.
Preloading 0 native plugins for Editor in 0.00 ms.
Mono: successfully reloaded assembly
- Completed reload, in  0.824 seconds
Domain Reload Profiling:
	ReloadAssembly (824ms)
		BeginReloadAssembly (112ms)
			ExecutionOrderSort (0ms)
			DisableScriptedObjects (7ms)
			BackupInstance (0ms)
			ReleaseScriptingObjects (0ms)
			CreateAndSetChildDomain (32ms)
		EndReloadAssembly (627ms)
			LoadAssemblies (68ms)
			RebuildTransferFunctionScriptingTraits (0ms)
			SetupTypeCache (184ms)
			ReleaseScriptCaches (1ms)
			RebuildScriptCaches (36ms)
			SetupLoadedEditorAssemblies (297ms)
				LogAssemblyErrors (0ms)
				InitializePlatformSupportModulesInManaged (10ms)
				SetLoadedEditorAssemblies (0ms)
				RefreshPlugins (1ms)
				BeforeProcessingInitializeOnLoad (63ms)
				ProcessInitializeOnLoadAttributes (179ms)
				ProcessInitializeOnLoadMethodAttributes (37ms)
				AfterProcessingInitializeOnLoad (6ms)
				EditorAssembliesLoaded (0ms)
			ExecutionOrderSort2 (0ms)
			AwakeInstancesAfterBackupRestoration (7ms)
Platform modules already initialized, skipping
Refreshing native plugins compatible for Editor in 3.26 ms, found 4 plugins.
Preloading 0 native plugins for Editor in 0.00 ms.
Unloading 4071 Unused Serialized files (Serialized files now loaded: 0)
Unloading 30 unused Assets / (152.1 KB). Loaded Objects now: 4556.
Memory consumption went from 156.2 MB to 156.1 MB.
Total: 2.974100 ms (FindLiveObjects: 0.261600 ms CreateObjectMapping: 0.093900 ms MarkObjects: 2.496200 ms  DeleteObjects: 0.121800 ms)

AssetImportParameters requested are different than current active one (requested -> active):
  custom:video-decoder-ogg-theora: a1e56fd34408186e4bbccfd4996cb3dc -> 
  custom:container-muxer-webm: aa71ff27fc2769a1b78a27578f13a17b -> 
  custom:container-demuxer-webm: 4f35f7cbe854078d1ac9338744f61a02 -> 
  custom:video-encoder-webm-vp8: eb34c28f22e8b96e1ab97ce403110664 -> 
  custom:audio-encoder-webm-vorbis: bf7c407c2cedff20999df2af8eb42d56 -> 
  custom:framework-win-MediaFoundation: 216162199b28c13a410421893ffa2e32 -> 
  custom:container-demuxer-ogg: 62fdf1f143b41e24485cea50d1cbac27 -> 
  custom:video-decoder-webm-vp8: 9c59270c3fd7afecdb556c50c9e8de78 -> 
  custom:audio-decoder-ogg-vorbis: bf7c407c2cedff20999df2af8eb42d56 -> 
========================================================================
Received Prepare
Registering precompiled user dll's ...
Registered in 0.007470 seconds.
Begin MonoManager ReloadAssembly
Symbol file LoadedFromMemory doesn't match image C:\Users\Samha\Documents\Unity Projects\TalesOfTrove\Library\PackageCache\com.unity.visualscripting@1.7.8\Editor\VisualScripting.Core\Dependencies\YamlDotNet\Unity.VisualScripting.YamlDotNet.dll
Symbol file LoadedFromMemory doesn't match image C:\Users\Samha\Documents\Unity Projects\TalesOfTrove\Library\PackageCache\com.unity.visualscripting@1.7.8\Editor\VisualScripting.Core\Dependencies\DotNetZip\Unity.VisualScripting.IonicZip.dll
Native extension for WindowsStandalone target not found
Native extension for WebGL target not found
Refreshing native plugins compatible for Editor in 0.76 ms, found 4 plugins.
Preloading 0 native plugins for Editor in 0.00 ms.
Mono: successfully reloaded assembly
- Completed reload, in  0.826 seconds
Domain Reload Profiling:
	ReloadAssembly (826ms)
		BeginReloadAssembly (110ms)
			ExecutionOrderSort (0ms)
			DisableScriptedObjects (6ms)
			BackupInstance (0ms)
			ReleaseScriptingObjects (0ms)
			CreateAndSetChildDomain (30ms)
		EndReloadAssembly (632ms)
			LoadAssemblies (71ms)
			RebuildTransferFunctionScriptingTraits (0ms)
			SetupTypeCache (184ms)
			ReleaseScriptCaches (1ms)
			RebuildScriptCaches (37ms)
			SetupLoadedEditorAssemblies (297ms)
				LogAssemblyErrors (0ms)
				InitializePlatformSupportModulesInManaged (13ms)
				SetLoadedEditorAssemblies (0ms)
				RefreshPlugins (1ms)
				BeforeProcessingInitializeOnLoad (67ms)
				ProcessInitializeOnLoadAttributes (175ms)
				ProcessInitializeOnLoadMethodAttributes (34ms)
				AfterProcessingInitializeOnLoad (6ms)
				EditorAssembliesLoaded (0ms)
			ExecutionOrderSort2 (0ms)
			AwakeInstancesAfterBackupRestoration (6ms)
Platform modules already initialized, skipping
Refreshing native plugins compatible for Editor in 3.39 ms, found 4 plugins.
Preloading 0 native plugins for Editor in 0.00 ms.
Unloading 4071 Unused Serialized files (Serialized files now loaded: 0)
Unloading 30 unused Assets / (152.1 KB). Loaded Objects now: 4559.
Memory consumption went from 156.3 MB to 156.1 MB.
Total: 2.586500 ms (FindLiveObjects: 0.228200 ms CreateObjectMapping: 0.090700 ms MarkObjects: 2.160200 ms  DeleteObjects: 0.106700 ms)

AssetImportParameters requested are different than current active one (requested -> active):
  custom:video-decoder-ogg-theora: a1e56fd34408186e4bbccfd4996cb3dc -> 
  custom:container-muxer-webm: aa71ff27fc2769a1b78a27578f13a17b -> 
  custom:container-demuxer-webm: 4f35f7cbe854078d1ac9338744f61a02 -> 
  custom:video-encoder-webm-vp8: eb34c28f22e8b96e1ab97ce403110664 -> 
  custom:audio-encoder-webm-vorbis: bf7c407c2cedff20999df2af8eb42d56 -> 
  custom:framework-win-MediaFoundation: 216162199b28c13a410421893ffa2e32 -> 
  custom:container-demuxer-ogg: 62fdf1f143b41e24485cea50d1cbac27 -> 
  custom:video-decoder-webm-vp8: 9c59270c3fd7afecdb556c50c9e8de78 -> 
  custom:audio-decoder-ogg-vorbis: bf7c407c2cedff20999df2af8eb42d56 -> 
========================================================================
Received Import Request.
  Time since last request: 123.683783 seconds.
  path: Assets/Game/Levels/bruh.unity
  artifactKey: Guid(afc789cbd58ffcc49ba56a7b1818261a) Importer(815301076,1909f56bfc062723c751e8b465ee728b)
Start importing Assets/Game/Levels/bruh.unity using Guid(afc789cbd58ffcc49ba56a7b1818261a) Importer(815301076,1909f56bfc062723c751e8b465ee728b)  -> (artifact id: '4258ad0155fdb58ffdc5f1f459611db6') in 0.010042 seconds 
========================================================================
Received Import Request.
  Time since last request: 153.952115 seconds.
  path: Assets/Prototype Hero - Pixel Art/Demo/Prefabs/blueGem.prefab
  artifactKey: Guid(bf8f8b843f7f0d545930b68a08ec8531) Importer(815301076,1909f56bfc062723c751e8b465ee728b)
Start importing Assets/Prototype Hero - Pixel Art/Demo/Prefabs/blueGem.prefab using Guid(bf8f8b843f7f0d545930b68a08ec8531) Importer(815301076,1909f56bfc062723c751e8b465ee728b)  -> (artifact id: '9de3275099f93d75b690d33eff444c5d') in 0.051582 seconds 
========================================================================
Received Import Request.
  Time since last request: 0.000020 seconds.
  path: Assets/Prototype Hero - Pixel Art/Demo/Prefabs/TextBox.prefab
  artifactKey: Guid(df736db7bf063254fb79a40f309afc5a) Importer(815301076,1909f56bfc062723c751e8b465ee728b)
Start importing Assets/Prototype Hero - Pixel Art/Demo/Prefabs/TextBox.prefab using Guid(df736db7bf063254fb79a40f309afc5a) Importer(815301076,1909f56bfc062723c751e8b465ee728b)  -> (artifact id: 'd4d8cd7dbd0aa429ff36b80ec885e411') in 0.013795 seconds 
========================================================================
Received Import Request.
  Time since last request: 0.000022 seconds.
  path: Assets/Prototype Hero - Pixel Art/Demo/Prefabs/greenGem.prefab
  artifactKey: Guid(7025e3202b01c544e9f49eb3bd5c36e6) Importer(815301076,1909f56bfc062723c751e8b465ee728b)
Start importing Assets/Prototype Hero - Pixel Art/Demo/Prefabs/greenGem.prefab using Guid(7025e3202b01c544e9f49eb3bd5c36e6) Importer(815301076,1909f56bfc062723c751e8b465ee728b)  -> (artifact id: 'ad27ae9e7b7fd3c9fdd0e3a1defe6464') in 0.016763 seconds 
========================================================================
Received Import Request.
  Time since last request: 0.000018 seconds.
  path: Assets/Prototype Hero - Pixel Art/Demo/Prefabs/InteractKey 1.prefab
  artifactKey: Guid(f12d7fa75b84da34fa13b82157f3f3f9) Importer(815301076,1909f56bfc062723c751e8b465ee728b)
Start importing Assets/Prototype Hero - Pixel Art/Demo/Prefabs/InteractKey 1.prefab using Guid(f12d7fa75b84da34fa13b82157f3f3f9) Importer(815301076,1909f56bfc062723c751e8b465ee728b)  -> (artifact id: '9d54feee5f206d1b97f9e2f3e642e871') in 0.007957 seconds 
========================================================================
Received Import Request.
  Time since last request: 0.000019 seconds.
  path: Assets/Prototype Hero - Pixel Art/Demo/Prefabs/PrototypeHero.prefab
  artifactKey: Guid(e481822248898d04e9808a3d3ca78e5a) Importer(815301076,1909f56bfc062723c751e8b465ee728b)
Start importing Assets/Prototype Hero - Pixel Art/Demo/Prefabs/PrototypeHero.prefab using Guid(e481822248898d04e9808a3d3ca78e5a) Importer(815301076,1909f56bfc062723c751e8b465ee728b)  -> (artifact id: '79cf9e171c628c91239fc090c2eea2d5') in 0.049030 seconds 
========================================================================
Received Import Request.
  Time since last request: 0.000017 seconds.
  path: Assets/Prototype Hero - Pixel Art/Demo/Prefabs/redGem.prefab
  artifactKey: Guid(6ede5ba4044912d4b8360a9abda2a516) Importer(815301076,1909f56bfc062723c751e8b465ee728b)
Start importing Assets/Prototype Hero - Pixel Art/Demo/Prefabs/redGem.prefab using Guid(6ede5ba4044912d4b8360a9abda2a516) Importer(815301076,1909f56bfc062723c751e8b465ee728b)  -> (artifact id: '0c535b6d5a9a4f5b4e8b3d1be3faf43c') in 0.010344 seconds 
========================================================================
Received Import Request.
  Time since last request: 0.000021 seconds.
  path: Assets/Prototype Hero - Pixel Art/Demo/Prefabs/SlimeEnemy.prefab
  artifactKey: Guid(2365c052bf302b04e9ba4bce23ef316f) Importer(815301076,1909f56bfc062723c751e8b465ee728b)
Start importing Assets/Prototype Hero - Pixel Art/Demo/Prefabs/SlimeEnemy.prefab using Guid(2365c052bf302b04e9ba4bce23ef316f) Importer(815301076,1909f56bfc062723c751e8b465ee728b)  -> (artifact id: '57c14bac291112c06b35c0ad54ab745f') in 0.021517 seconds 
========================================================================
Received Import Request.
  Time since last request: 13.366532 seconds.
  path: Assets/Prefabs/Level Loader.prefab
  artifactKey: Guid(fdbd038df60340c459d93a06fb85ba3d) Importer(815301076,1909f56bfc062723c751e8b465ee728b)
Start importing Assets/Prefabs/Level Loader.prefab using Guid(fdbd038df60340c459d93a06fb85ba3d) Importer(815301076,1909f56bfc062723c751e8b465ee728b)  -> (artifact id: 'e604620c8773180e55a07efafcc1517c') in 0.001664 seconds 
========================================================================
Received Import Request.
  Time since last request: 72.346168 seconds.
  path: Assets/Scripts/LevelLoader.cs
  artifactKey: Guid(326522bd7e68add40b407e9baffb13cb) Importer(815301076,1909f56bfc062723c751e8b465ee728b)
Start importing Assets/Scripts/LevelLoader.cs using Guid(326522bd7e68add40b407e9baffb13cb) Importer(815301076,1909f56bfc062723c751e8b465ee728b)  -> (artifact id: '1207295389fd5e0c723d3069746d21a2') in 0.005227 seconds 
========================================================================
Received Import Request.
  Time since last request: 12.331420 seconds.
  path: Assets/Scripts/Player.cs
  artifactKey: Guid(d316727923027bd4fbd490044f02b382) Importer(815301076,1909f56bfc062723c751e8b465ee728b)
Start importing Assets/Scripts/Player.cs using Guid(d316727923027bd4fbd490044f02b382) Importer(815301076,1909f56bfc062723c751e8b465ee728b)  -> (artifact id: '3d5f07a58d57ef70b0f206640e83c65b') in 0.001494 seconds 
========================================================================
Received Import Request.
  Time since last request: 6.779691 seconds.
  path: Assets/Game/Sprites/Materials/Sign.mat
  artifactKey: Guid(03853d4951dfc634c8dc6c49f7a10f26) Importer(815301076,1909f56bfc062723c751e8b465ee728b)
Start importing Assets/Game/Sprites/Materials/Sign.mat using Guid(03853d4951dfc634c8dc6c49f7a10f26) Importer(815301076,1909f56bfc062723c751e8b465ee728b)  -> (artifact id: '4be9ede9b7dd06be64842090cc394048') in 0.036472 seconds 
========================================================================
Received Import Request.
  Time since last request: 6.910758 seconds.
  path: Assets/Scripts/Sensor.cs
  artifactKey: Guid(36d0b3dc146888f42988ec3a008fd1e0) Importer(815301076,1909f56bfc062723c751e8b465ee728b)
Start importing Assets/Scripts/Sensor.cs using Guid(36d0b3dc146888f42988ec3a008fd1e0) Importer(815301076,1909f56bfc062723c751e8b465ee728b)  -> (artifact id: '9c5abb2df0150da63af81ac6708ddbec') in 0.005789 seconds 
========================================================================
Received Import Request.
  Time since last request: 0.585294 seconds.
  path: Assets/Scripts/Sign.cs
  artifactKey: Guid(c1ae69531fbaca646804562fd1870e0f) Importer(815301076,1909f56bfc062723c751e8b465ee728b)
Start importing Assets/Scripts/Sign.cs using Guid(c1ae69531fbaca646804562fd1870e0f) Importer(815301076,1909f56bfc062723c751e8b465ee728b)  -> (artifact id: 'feb26795541adad53e20eb0e880a704f') in 0.001478 seconds 
========================================================================
Received Import Request.
  Time since last request: 2.094114 seconds.
  path: Assets/Scripts/AudioManager_Player.cs
  artifactKey: Guid(84438d00033d58a45a44f678e67abff9) Importer(815301076,1909f56bfc062723c751e8b465ee728b)
Start importing Assets/Scripts/AudioManager_Player.cs using Guid(84438d00033d58a45a44f678e67abff9) Importer(815301076,1909f56bfc062723c751e8b465ee728b)  -> (artifact id: 'd37e70022d4b6384334fa2440bf8448c') in 0.004750 seconds 
========================================================================
Received Import Request.
  Time since last request: 8.006203 seconds.
  path: Assets/Prefabs/Level Loader.prefab
  artifactKey: Guid(fdbd038df60340c459d93a06fb85ba3d) Importer(815301076,1909f56bfc062723c751e8b465ee728b)
Start importing Assets/Prefabs/Level Loader.prefab using Guid(fdbd038df60340c459d93a06fb85ba3d) Importer(815301076,1909f56bfc062723c751e8b465ee728b)  -> (artifact id: 'e604620c8773180e55a07efafcc1517c') in 0.001511 seconds 
========================================================================
Received Import Request.
  Time since last request: 1.308056 seconds.
  path: Assets/Prefabs/Collider Prefabs
  artifactKey: Guid(036953be639b2b643abbc16aea329a51) Importer(815301076,1909f56bfc062723c751e8b465ee728b)
Start importing Assets/Prefabs/Collider Prefabs using Guid(036953be639b2b643abbc16aea329a51) Importer(815301076,1909f56bfc062723c751e8b465ee728b)  -> (artifact id: '33f732bc08f2710139bd4808e1bf3a7f') in 0.005108 seconds 
========================================================================
Received Import Request.
  Time since last request: 0.087253 seconds.
  path: Assets/Prefabs/Collider Prefabs/Ground Collider Poly.prefab
  artifactKey: Guid(092abea391995ea4d8a297cf6e81f3cc) Importer(815301076,1909f56bfc062723c751e8b465ee728b)
Start importing Assets/Prefabs/Collider Prefabs/Ground Collider Poly.prefab using Guid(092abea391995ea4d8a297cf6e81f3cc) Importer(815301076,1909f56bfc062723c751e8b465ee728b)  -> (artifact id: 'ecafa0c452bfce7fa2e440c14ea4c2c4') in 0.009421 seconds 
========================================================================
Received Import Request.
  Time since last request: 0.000023 seconds.
  path: Assets/Prefabs/Collider Prefabs/WallCollider.prefab
  artifactKey: Guid(0131a41232b4f434fa67ec41b9ac2855) Importer(815301076,1909f56bfc062723c751e8b465ee728b)
Start importing Assets/Prefabs/Collider Prefabs/WallCollider.prefab using Guid(0131a41232b4f434fa67ec41b9ac2855) Importer(815301076,1909f56bfc062723c751e8b465ee728b)  -> (artifact id: '7a97f34baacd5435322d7e732b1f013d') in 0.004247 seconds 
========================================================================
Received Import Request.
  Time since last request: 0.000018 seconds.
  path: Assets/Prefabs/Collider Prefabs/Hazard.prefab
  artifactKey: Guid(cc28f871ad89782468b10ecdf15fbbd7) Importer(815301076,1909f56bfc062723c751e8b465ee728b)
Start importing Assets/Prefabs/Collider Prefabs/Hazard.prefab using Guid(cc28f871ad89782468b10ecdf15fbbd7) Importer(815301076,1909f56bfc062723c751e8b465ee728b)  -> (artifact id: '9c63ca379214baf6583707135c50b322') in 0.007642 seconds 
========================================================================
Received Import Request.
  Time since last request: 0.000019 seconds.
  path: Assets/Prefabs/Collider Prefabs/NextLevelTrigger.prefab
  artifactKey: Guid(763110dcea9e8864bbf766ff99327587) Importer(815301076,1909f56bfc062723c751e8b465ee728b)
Start importing Assets/Prefabs/Collider Prefabs/NextLevelTrigger.prefab using Guid(763110dcea9e8864bbf766ff99327587) Importer(815301076,1909f56bfc062723c751e8b465ee728b)  -> (artifact id: 'd7c5cd499337abd17a9347302ae54f60') in 0.007434 seconds 
========================================================================
Received Import Request.
  Time since last request: 2.614981 seconds.
  path: Assets/Prefabs/Player Prefabs
  artifactKey: Guid(53be3b0a1fec9d4448d2d272b3107420) Importer(815301076,1909f56bfc062723c751e8b465ee728b)
Start importing Assets/Prefabs/Player Prefabs using Guid(53be3b0a1fec9d4448d2d272b3107420) Importer(815301076,1909f56bfc062723c751e8b465ee728b)  -> (artifact id: 'a9992973f135487bfcdd72a52d8750cd') in 0.004890 seconds 
========================================================================
Received Import Request.
  Time since last request: 0.103627 seconds.
  path: Assets/Prefabs/Player Prefabs/Green.prefab
  artifactKey: Guid(37e3472c45a521542b8fcf773563f665) Importer(815301076,1909f56bfc062723c751e8b465ee728b)
Start importing Assets/Prefabs/Player Prefabs/Green.prefab using Guid(37e3472c45a521542b8fcf773563f665) Importer(815301076,1909f56bfc062723c751e8b465ee728b)  -> (artifact id: 'ad4c344662fee77f7d9e4fca40a59ab0') in 0.045994 seconds 
Editor requested this worker to shutdown with reason: Scaling down because of idle timeout
AssetImportWorker is now disconnected from the server
Process exiting
Exiting without the bug reporter. Application will terminate with return code 0